<?xml version="1.0" encoding="UTF-8"?>
<!-- Generated by org.testng.reporters.JUnitReportReporter -->
<testsuite hostname="DESKTOP-02BK2UT" failures="1" tests="6" name="qa.Test.TableSortPageTest" time="2.481" errors="0" timestamp="2024-06-11T12:41:52 IST" skipped="1">
  <testcase classname="qa.Test.TableSortPageTest" name="Pagination" time="0.890"/>
  <testcase classname="qa.Test.TableSortPageTest" name="getTItleTableSort" time="0.026">
    <skipped/>
  </testcase> <!-- getTItleTableSort -->
  <testcase classname="qa.Test.TableSortPageTest" name="getTItleTableSort" time="0.016">
    <failure message="expected [Selenium Easy - Tabel Sort and Search De] but found [Selenium Easy - Tabel Sort and Search Demo]" type="java.lang.AssertionError">
      <![CDATA[java.lang.AssertionError: expected [Selenium Easy - Tabel Sort and Search De] but found [Selenium Easy - Tabel Sort and Search Demo]
at org.testng.Assert.fail(Assert.java:111)
at org.testng.Assert.failNotEquals(Assert.java:1578)
at org.testng.Assert.assertEqualsImpl(Assert.java:150)
at org.testng.Assert.assertEquals(Assert.java:132)
at org.testng.Assert.assertEquals(Assert.java:656)
at org.testng.Assert.assertEquals(Assert.java:666)
at qa.Test.TableSortPageTest.getTItleTableSort(TableSortPageTest.java:36)
at java.base/jdk.internal.reflect.DirectMethodHandleAccessor.invoke(DirectMethodHandleAccessor.java:103)
at java.base/java.lang.reflect.Method.invoke(Method.java:580)
at org.testng.internal.invokers.MethodInvocationHelper.invokeMethod(MethodInvocationHelper.java:141)
at org.testng.internal.invokers.TestInvoker.invokeMethod(TestInvoker.java:686)
at org.testng.internal.invokers.TestInvoker.retryFailed(TestInvoker.java:269)
at org.testng.internal.invokers.MethodRunner.runInSequence(MethodRunner.java:76)
at org.testng.internal.invokers.TestInvoker$MethodInvocationAgent.invoke(TestInvoker.java:992)
at org.testng.internal.invokers.TestInvoker.invokeTestMethods(TestInvoker.java:203)
at org.testng.internal.invokers.TestMethodWorker.invokeTestMethods(TestMethodWorker.java:154)
at org.testng.internal.invokers.TestMethodWorker.run(TestMethodWorker.java:134)
at java.base/java.util.ArrayList.forEach(ArrayList.java:1596)
at org.testng.TestRunner.privateRun(TestRunner.java:739)
at org.testng.TestRunner.run(TestRunner.java:614)
at org.testng.SuiteRunner.runTest(SuiteRunner.java:421)
at org.testng.SuiteRunner.runSequentially(SuiteRunner.java:413)
at org.testng.SuiteRunner.privateRun(SuiteRunner.java:373)
at org.testng.SuiteRunner.run(SuiteRunner.java:312)
at org.testng.SuiteRunnerWorker.runSuite(SuiteRunnerWorker.java:52)
at org.testng.SuiteRunnerWorker.run(SuiteRunnerWorker.java:95)
at org.testng.TestNG.runSuitesSequentially(TestNG.java:1274)
at org.testng.TestNG.runSuitesLocally(TestNG.java:1208)
at org.testng.TestNG.runSuites(TestNG.java:1112)
at org.testng.TestNG.run(TestNG.java:1079)
at org.testng.remote.AbstractRemoteTestNG.run(AbstractRemoteTestNG.java:115)
at org.testng.remote.RemoteTestNG.initAndRun(RemoteTestNG.java:293)
at org.testng.remote.RemoteTestNG.main(RemoteTestNG.java:91)
]]>
    </failure>
  </testcase> <!-- getTItleTableSort -->
  <testcase classname="qa.Test.TableSortPageTest" name="searchText" time="0.128"/>
  <testcase classname="qa.Test.TableSortPageTest" name="chechList" time="0.771"/>
  <testcase classname="qa.Test.TableSortPageTest" name="sorting" time="0.650"/>
</testsuite> <!-- qa.Test.TableSortPageTest -->
