<?xml version="1.0" encoding="UTF-8"?>
<!-- Generated by org.testng.reporters.JUnitReportReporter -->
<testsuite hostname="DESKTOP-02BK2UT" failures="0" tests="2" name="qa.Test.HomePageTest" time="1.015" errors="0" timestamp="2024-06-11T12:41:52 IST" skipped="0">
  <testcase classname="qa.Test.HomePageTest" name="getTitle" time="0.044"/>
  <testcase classname="qa.Test.HomePageTest" name="clickTable" time="0.971"/>
</testsuite> <!-- qa.Test.HomePageTest -->
